<?xml version="1.0" encoding="UTF-8"?>
<testsuite name="travis.BasicTest" tests="2" skipped="0" failures="0" errors="0" timestamp="2015-09-28T20:30:14" hostname="ubuntu-anon" time="0.004">
  <properties/>
  <testcase name="testSum" classname="travis.BasicTest" time="0.002"/>
  <testcase name="testTrue" classname="travis.BasicTest" time="0.0"/>
  <system-out><![CDATA[]]></system-out>
  <system-err><![CDATA[]]></system-err>
</testsuite>
